<?xml version="1.0" encoding="UTF-8"?>
<coverage generated="1782764593688" clover="3.2.0">
  <project timestamp="1782764593688" name="All files">
    <metrics statements="8" coveredstatements="5" conditionals="6" coveredconditionals="3" methods="1" coveredmethods="1" elements="15" coveredelements="9" complexity="0" loc="8" ncloc="8" packages="1" files="1" classes="1"/>
    <file name="auth-reducer.ts" path="/home/logic/tares_cli/web-client/src/state/auth-reducer.ts">
      <metrics statements="8" coveredstatements="5" conditionals="6" coveredconditionals="3" methods="1" coveredmethods="1"/>
      <line num="15" count="1" type="stmt"/>
      <line num="23" count="3" type="cond" truecount="3" falsecount="3"/>
      <line num="25" count="1" type="stmt"/>
      <line num="28" count="1" type="stmt"/>
      <line num="36" count="0" type="stmt"/>
      <line num="43" count="1" type="stmt"/>
      <line num="47" count="0" type="stmt"/>
      <line num="50" count="0" type="stmt"/>
    </file>
  </project>
</coverage>
