{"/home/logic/tares_cli/web-client/src/state/auth-reducer.ts": {"path":"/home/logic/tares_cli/web-client/src/state/auth-reducer.ts","statementMap":{"0":{"start":{"line":15,"column":43},"end":{"line":20,"column":null}},"1":{"start":{"line":23,"column":4},"end":{"line":51,"column":null}},"2":{"start":{"line":25,"column":12},"end":{"line":25,"column":null}},"3":{"start":{"line":28,"column":12},"end":{"line":33,"column":null}},"4":{"start":{"line":36,"column":12},"end":{"line":40,"column":null}},"5":{"start":{"line":43,"column":12},"end":{"line":43,"column":null}},"6":{"start":{"line":47,"column":12},"end":{"line":47,"column":null}},"7":{"start":{"line":50,"column":12},"end":{"line":50,"column":null}}},"fnMap":{"0":{"name":"authReducer","decl":{"start":{"line":22,"column":16},"end":{"line":22,"column":28}},"loc":{"start":{"line":22,"column":77},"end":{"line":52,"column":null}},"line":22}},"branchMap":{"0":{"loc":{"start":{"line":23,"column":4},"end":{"line":51,"column":null}},"type":"switch","locations":[{"start":{"line":24,"column":8},"end":{"line":25,"column":null}},{"start":{"line":27,"column":8},"end":{"line":33,"column":null}},{"start":{"line":35,"column":8},"end":{"line":40,"column":null}},{"start":{"line":42,"column":8},"end":{"line":43,"column":null}},{"start":{"line":45,"column":8},"end":{"line":47,"column":null}},{"start":{"line":49,"column":8},"end":{"line":50,"column":null}}],"line":23}},"s":{"0":1,"1":3,"2":1,"3":1,"4":0,"5":1,"6":0,"7":0},"f":{"0":3},"b":{"0":[1,1,0,1,0,0]},"meta":{"lastBranch":1,"lastFunction":1,"lastStatement":8,"seen":{"s:15:43:20:Infinity":0,"f:22:16:22:28":0,"b:24:8:25:Infinity:27:8:33:Infinity:35:8:40:Infinity:42:8:43:Infinity:45:8:47:Infinity:49:8:50:Infinity":0,"s:23:4:51:Infinity":1,"s:25:12:25:Infinity":2,"s:28:12:33:Infinity":3,"s:36:12:40:Infinity":4,"s:43:12:43:Infinity":5,"s:47:12:47:Infinity":6,"s:50:12:50:Infinity":7},"fnNames":{}}}
}
